# JRE version: 7.0_15-b03
# Java VM: Java HotSpot(TM) 64-Bit Server VM (23.7-b01 mixed mode bsd-amd64 compressed oops)
Heap
 PSYoungGen      total 24576K, used 17277K [0x0000000147410000, 0x0000000149720000, 0x000000015fb60000)
  eden space 12672K, 89% used [0x0000000147410000,0x0000000147f1cb60,0x0000000148070000)
  from space 11904K, 50% used [0x0000000148070000,0x0000000148642c90,0x0000000148c10000)
  to   space 11328K, 0% used [0x0000000148c10000,0x0000000148c10000,0x0000000149720000)
 ParOldGen       total 25728K, used 19118K [0x0000000116560000, 0x0000000117e80000, 0x0000000147410000)
  object space 25728K, 74% used [0x0000000116560000,0x000000011780b8f8,0x0000000117e80000)
 PSPermGen       total 21760K, used 9643K [0x0000000111360000, 0x00000001128a0000, 0x0000000116560000)
  object space 21760K, 44% used [0x0000000111360000,0x0000000111ccad18,0x00000001128a0000)
GC Heap History (10 events):
Event: 28.547 GC heap before
{Heap before GC invocations=13 (full 2):
 PSYoungGen      total 20928K, used 16647K [0x0000000147410000, 0x0000000149220000, 0x000000015fb60000)
  eden space 12160K, 81% used [0x0000000147410000,0x0000000147dc6d30,0x0000000147ff0000)
  from space 8768K, 76% used [0x00000001488f0000,0x0000000148f7af10,0x0000000149180000)
  to   space 9216K, 0% used [0x0000000147ff0000,0x0000000147ff0000,0x00000001488f0000)
 ParOldGen       total 25728K, used 16080K [0x0000000116560000, 0x0000000117e80000, 0x0000000147410000)
  object space 25728K, 62% used [0x0000000116560000,0x0000000117514168,0x0000000117e80000)
 PSPermGen       total 21760K, used 9626K [0x0000000111360000, 0x00000001128a0000, 0x0000000116560000)
  object space 21760K, 44% used [0x0000000111360000,0x0000000111cc6998,0x00000001128a0000)
Event: 28.552 GC heap after
Heap after GC invocations=13 (full 2):
 PSYoungGen      total 21376K, used 7483K [0x0000000147410000, 0x0000000149430000, 0x000000015fb60000)
  eden space 12160K, 0% used [0x0000000147410000,0x0000000147410000,0x0000000147ff0000)
  from space 9216K, 81% used [0x0000000147ff0000,0x000000014873ef30,0x00000001488f0000)
  to   space 9792K, 0% used [0x0000000148aa0000,0x0000000148aa0000,0x0000000149430000)
 ParOldGen       total 25728K, used 18918K [0x0000000116560000, 0x0000000117e80000, 0x0000000147410000)
  object space 25728K, 73% used [0x0000000116560000,0x00000001177d98f8,0x0000000117e80000)
 PSPermGen       total 21760K, used 9626K [0x0000000111360000, 0x00000001128a0000, 0x0000000116560000)
  object space 21760K, 44% used [0x0000000111360000,0x0000000111cc6998,0x00000001128a0000)
}
Event: 28.728 GC heap before
{Heap before GC invocations=14 (full 2):
 PSYoungGen      total 21376K, used 17155K [0x0000000147410000, 0x0000000149430000, 0x000000015fb60000)
  eden space 12160K, 79% used [0x0000000147410000,0x0000000147d81cf8,0x0000000147ff0000)
  from space 9216K, 81% used [0x0000000147ff0000,0x000000014873ef30,0x00000001488f0000)
  to   space 9792K, 0% used [0x0000000148aa0000,0x0000000148aa0000,0x0000000149430000)
 ParOldGen       total 25728K, used 18918K [0x0000000116560000, 0x0000000117e80000, 0x0000000147410000)
  object space 25728K, 73% used [0x0000000116560000,0x00000001177d98f8,0x0000000117e80000)
 PSPermGen       total 21760K, used 9628K [0x0000000111360000, 0x00000001128a0000, 0x0000000116560000)
  object space 21760K, 44% used [0x0000000111360000,0x0000000111cc7360,0x00000001128a0000)
Event: 28.732 GC heap after
Heap after GC invocations=14 (full 2):
 PSYoungGen      total 21760K, used 9787K [0x0000000147410000, 0x00000001496a0000, 0x000000015fb60000)
  eden space 11968K, 0% used [0x0000000147410000,0x0000000147410000,0x0000000147fc0000)
  from space 9792K, 99% used [0x0000000148aa0000,0x000000014942eda0,0x0000000149430000)
  to   space 11136K, 0% used [0x0000000147fc0000,0x0000000147fc0000,0x0000000148aa0000)
 ParOldGen       total 25728K, used 19006K [0x0000000116560000, 0x0000000117e80000, 0x0000000147410000)
  object space 25728K, 73% used [0x0000000116560000,0x00000001177ef8f8,0x0000000117e80000)
 PSPermGen       total 21760K, used 9628K [0x0000000111360000, 0x00000001128a0000, 0x0000000116560000)
  object space 21760K, 44% used [0x0000000111360000,0x0000000111cc7360,0x00000001128a0000)
}
Event: 28.945 GC heap before
{Heap before GC invocations=15 (full 2):
 PSYoungGen      total 21760K, used 20097K [0x0000000147410000, 0x00000001496a0000, 0x000000015fb60000)
  eden space 11968K, 86% used [0x0000000147410000,0x0000000147e21888,0x0000000147fc0000)
  from space 9792K, 99% used [0x0000000148aa0000,0x000000014942eda0,0x0000000149430000)
  to   space 11136K, 0% used [0x0000000147fc0000,0x0000000147fc0000,0x0000000148aa0000)
 ParOldGen       total 25728K, used 19006K [0x0000000116560000, 0x0000000117e80000, 0x0000000147410000)
  object space 25728K, 73% used [0x0000000116560000,0x00000001177ef8f8,0x0000000117e80000)
 PSPermGen       total 21760K, used 9629K [0x0000000111360000, 0x00000001128a0000, 0x0000000116560000)
  object space 21760K, 44% used [0x0000000111360000,0x0000000111cc7650,0x00000001128a0000)
Event: 28.949 GC heap after
Heap after GC invocations=15 (full 2):
 PSYoungGen      total 23104K, used 9046K [0x0000000147410000, 0x00000001497d0000, 0x000000015fb60000)
  eden space 11968K, 0% used [0x0000000147410000,0x0000000147410000,0x0000000147fc0000)
  from space 11136K, 81% used [0x0000000147fc0000,0x0000000148895980,0x0000000148aa0000)
  to   space 11904K, 0% used [0x0000000148c30000,0x0000000148c30000,0x00000001497d0000)
 ParOldGen       total 25728K, used 19118K [0x0000000116560000, 0x0000000117e80000, 0x0000000147410000)
  object space 25728K, 74% used [0x0000000116560000,0x000000011780b8f8,0x0000000117e80000)
 PSPermGen       total 21760K, used 9629K [0x0000000111360000, 0x00000001128a0000, 0x0000000116560000)
  object space 21760K, 44% used [0x0000000111360000,0x0000000111cc7650,0x00000001128a0000)
}
Event: 29.427 GC heap before
{Heap before GC invocations=16 (full 2):
 PSYoungGen      total 23104K, used 20260K [0x0000000147410000, 0x00000001497d0000, 0x000000015fb60000)
  eden space 11968K, 93% used [0x0000000147410000,0x0000000147f036a0,0x0000000147fc0000)
  from space 11136K, 81% used [0x0000000147fc0000,0x0000000148895980,0x0000000148aa0000)
  to   space 11904K, 0% used [0x0000000148c30000,0x0000000148c30000,0x00000001497d0000)
 ParOldGen       total 25728K, used 19118K [0x0000000116560000, 0x0000000117e80000, 0x0000000147410000)
  object space 25728K, 74% used [0x0000000116560000,0x000000011780b8f8,0x0000000117e80000)
 PSPermGen       total 21760K, used 9629K [0x0000000111360000, 0x00000001128a0000, 0x0000000116560000)
  object space 21760K, 44% used [0x0000000111360000,0x0000000111cc7750,0x00000001128a0000)
Event: 29.430 GC heap after
Heap after GC invocations=16 (full 2):
 PSYoungGen      total 24448K, used 7397K [0x0000000147410000, 0x00000001497b0000, 0x000000015fb60000)
  eden space 12672K, 0% used [0x0000000147410000,0x0000000147410000,0x0000000148070000)
  from space 11776K, 62% used [0x0000000148c30000,0x0000000149369620,0x00000001497b0000)
  to   space 11904K, 0% used [0x0000000148070000,0x0000000148070000,0x0000000148c10000)
 ParOldGen       total 25728K, used 19118K [0x0000000116560000, 0x0000000117e80000, 0x0000000147410000)
  object space 25728K, 74% used [0x0000000116560000,0x000000011780b8f8,0x0000000117e80000)
 PSPermGen       total 21760K, used 9629K [0x0000000111360000, 0x00000001128a0000, 0x0000000116560000)
  object space 21760K, 44% used [0x0000000111360000,0x0000000111cc7750,0x00000001128a0000)
}
Event: 30.042 GC heap before
{Heap before GC invocations=17 (full 2):
 PSYoungGen      total 24448K, used 19310K [0x0000000147410000, 0x00000001497b0000, 0x000000015fb60000)
  eden space 12672K, 94% used [0x0000000147410000,0x0000000147fb22a0,0x0000000148070000)
  from space 11776K, 62% used [0x0000000148c30000,0x0000000149369620,0x00000001497b0000)
  to   space 11904K, 0% used [0x0000000148070000,0x0000000148070000,0x0000000148c10000)
 ParOldGen       total 25728K, used 19118K [0x0000000116560000, 0x0000000117e80000, 0x0000000147410000)
  object space 25728K, 74% used [0x0000000116560000,0x000000011780b8f8,0x0000000117e80000)
 PSPermGen       total 21760K, used 9635K [0x0000000111360000, 0x00000001128a0000, 0x0000000116560000)
  object space 21760K, 44% used [0x0000000111360000,0x0000000111cc8fd8,0x00000001128a0000)
Event: 30.045 GC heap after
Heap after GC invocations=17 (full 2):
 PSYoungGen      total 24576K, used 5963K [0x0000000147410000, 0x0000000149720000, 0x000000015fb60000)
  eden space 12672K, 0% used [0x0000000147410000,0x0000000147410000,0x0000000148070000)
  from space 11904K, 50% used [0x0000000148070000,0x0000000148642c90,0x0000000148c10000)
  to   space 11328K, 0% used [0x0000000148c10000,0x0000000148c10000,0x0000000149720000)
 ParOldGen       total 25728K, used 19118K [0x0000000116560000, 0x0000000117e80000, 0x0000000147410000)
  object space 25728K, 74% used [0x0000000116560000,0x000000011780b8f8,0x0000000117e80000)
 PSPermGen       total 21760K, used 9635K [0x0000000111360000, 0x00000001128a0000, 0x0000000116560000)
  object space 21760K, 44% used [0x0000000111360000,0x0000000111cc8fd8,0x00000001128a0000)
}

